<?xml version="1.0" encoding="UTF-8"?>
<coverage generated="1423900908">
  <project timestamp="1423900908">
    <package name="Nette\Utils">
      <file name="/Users/Sven/.composer/vendor/nette/safe-stream/src/SafeStream/SafeStream.php">
        <class name="SafeStream" namespace="Nette\Utils">
          <metrics methods="14" coveredmethods="0" conditionals="0" coveredconditionals="0" statements="88" coveredstatements="0" elements="102" coveredelements="0"/>
        </class>
        <line num="55" type="method" name="register" crap="2" count="0"/>
        <line num="57" type="stmt" count="0"/>
        <line num="58" type="stmt" count="0"/>
        <line num="59" type="stmt" count="0"/>
        <line num="60" type="stmt" count="0"/>
        <line num="71" type="method" name="stream_open" crap="342" count="0"/>
        <line num="73" type="stmt" count="0"/>
        <line num="75" type="stmt" count="0"/>
        <line num="76" type="stmt" count="0"/>
        <line num="77" type="stmt" count="0"/>
        <line num="80" type="stmt" count="0"/>
        <line num="81" type="stmt" count="0"/>
        <line num="83" type="stmt" count="0"/>
        <line num="84" type="stmt" count="0"/>
        <line num="85" type="stmt" count="0"/>
        <line num="88" type="stmt" count="0"/>
        <line num="89" type="stmt" count="0"/>
        <line num="90" type="stmt" count="0"/>
        <line num="92" type="stmt" count="0"/>
        <line num="94" type="stmt" count="0"/>
        <line num="95" type="stmt" count="0"/>
        <line num="96" type="stmt" count="0"/>
        <line num="98" type="stmt" count="0"/>
        <line num="99" type="stmt" count="0"/>
        <line num="102" type="stmt" count="0"/>
        <line num="103" type="stmt" count="0"/>
        <line num="104" type="stmt" count="0"/>
        <line num="108" type="stmt" count="0"/>
        <line num="109" type="stmt" count="0"/>
        <line num="110" type="stmt" count="0"/>
        <line num="111" type="stmt" count="0"/>
        <line num="113" type="stmt" count="0"/>
        <line num="114" type="stmt" count="0"/>
        <line num="117" type="stmt" count="0"/>
        <line num="118" type="stmt" count="0"/>
        <line num="119" type="stmt" count="0"/>
        <line num="120" type="stmt" count="0"/>
        <line num="121" type="stmt" count="0"/>
        <line num="122" type="stmt" count="0"/>
        <line num="125" type="stmt" count="0"/>
        <line num="126" type="stmt" count="0"/>
        <line num="127" type="stmt" count="0"/>
        <line num="128" type="stmt" count="0"/>
        <line num="130" type="stmt" count="0"/>
        <line num="138" type="method" name="checkAndLock" crap="12" count="0"/>
        <line num="140" type="stmt" count="0"/>
        <line num="141" type="stmt" count="0"/>
        <line num="143" type="stmt" count="0"/>
        <line num="144" type="stmt" count="0"/>
        <line num="145" type="stmt" count="0"/>
        <line num="148" type="stmt" count="0"/>
        <line num="155" type="method" name="clean" crap="12" count="0"/>
        <line num="157" type="stmt" count="0"/>
        <line num="158" type="stmt" count="0"/>
        <line num="159" type="stmt" count="0"/>
        <line num="160" type="stmt" count="0"/>
        <line num="161" type="stmt" count="0"/>
        <line num="162" type="stmt" count="0"/>
        <line num="163" type="stmt" count="0"/>
        <line num="164" type="stmt" count="0"/>
        <line num="165" type="stmt" count="0"/>
        <line num="166" type="stmt" count="0"/>
        <line num="173" type="method" name="stream_close" crap="30" count="0"/>
        <line num="175" type="stmt" count="0"/>
        <line num="176" type="stmt" count="0"/>
        <line num="177" type="stmt" count="0"/>
        <line num="178" type="stmt" count="0"/>
        <line num="181" type="stmt" count="0"/>
        <line num="182" type="stmt" count="0"/>
        <line num="183" type="stmt" count="0"/>
        <line num="185" type="stmt" count="0"/>
        <line num="186" type="stmt" count="0"/>
        <line num="187" type="stmt" count="0"/>
        <line num="188" type="stmt" count="0"/>
        <line num="189" type="stmt" count="0"/>
        <line num="190" type="stmt" count="0"/>
        <line num="191" type="stmt" count="0"/>
        <line num="199" type="method" name="stream_read" crap="2" count="0"/>
        <line num="201" type="stmt" count="0"/>
        <line num="210" type="method" name="stream_write" crap="6" count="0"/>
        <line num="212" type="stmt" count="0"/>
        <line num="213" type="stmt" count="0"/>
        <line num="215" type="stmt" count="0"/>
        <line num="216" type="stmt" count="0"/>
        <line num="217" type="stmt" count="0"/>
        <line num="219" type="stmt" count="0"/>
        <line num="228" type="method" name="stream_truncate" crap="2" count="0"/>
        <line num="230" type="stmt" count="0"/>
        <line num="238" type="method" name="stream_tell" crap="2" count="0"/>
        <line num="240" type="stmt" count="0"/>
        <line num="248" type="method" name="stream_eof" crap="2" count="0"/>
        <line num="250" type="stmt" count="0"/>
        <line num="260" type="method" name="stream_seek" crap="2" count="0"/>
        <line num="262" type="stmt" count="0"/>
        <line num="270" type="method" name="stream_stat" crap="2" count="0"/>
        <line num="272" type="stmt" count="0"/>
        <line num="282" type="method" name="url_stat" crap="6" count="0"/>
        <line num="285" type="stmt" count="0"/>
        <line num="286" type="stmt" count="0"/>
        <line num="296" type="method" name="unlink" crap="2" count="0"/>
        <line num="298" type="stmt" count="0"/>
        <line num="299" type="stmt" count="0"/>
        <metrics loc="302" ncloc="172" classes="1" methods="14" coveredmethods="0" conditionals="0" coveredconditionals="0" statements="88" coveredstatements="0" elements="102" coveredelements="0"/>
      </file>
    </package>
    <file name="/Users/Sven/.composer/vendor/symfony/var-dumper/Symfony/Component/VarDumper/Resources/functions/dump.php">
      <line num="20" type="stmt" count="0"/>
      <line num="21" type="stmt" count="0"/>
      <line num="22" type="stmt" count="0"/>
      <line num="23" type="stmt" count="0"/>
      <metrics loc="24" ncloc="13" classes="0" methods="0" coveredmethods="0" conditionals="0" coveredconditionals="0" statements="4" coveredstatements="0" elements="4" coveredelements="0"/>
    </file>
    <file name="/Users/Sven/.composer/vendor/tracy/tracy/src/shortcuts.php">
      <line num="15" type="stmt" count="0"/>
      <line num="16" type="stmt" count="0"/>
      <metrics loc="18" ncloc="10" classes="0" methods="0" coveredmethods="0" conditionals="0" coveredconditionals="0" statements="2" coveredstatements="0" elements="2" coveredelements="0"/>
    </file>
    <file name="/Users/Sven/Documents/Alfred2/alphred/Main.php">
      <line num="185" type="stmt" count="0"/>
      <line num="187" type="stmt" count="0"/>
      <line num="189" type="stmt" count="0"/>
      <line num="191" type="stmt" count="0"/>
      <line num="193" type="stmt" count="0"/>
      <line num="194" type="stmt" count="0"/>
      <line num="195" type="stmt" count="0"/>
      <line num="196" type="stmt" count="0"/>
      <line num="197" type="stmt" count="0"/>
      <line num="198" type="stmt" count="0"/>
      <line num="200" type="stmt" count="0"/>
      <metrics loc="200" ncloc="90" classes="0" methods="0" coveredmethods="0" conditionals="0" coveredconditionals="0" statements="11" coveredstatements="0" elements="11" coveredelements="0"/>
    </file>
    <package name="Alphred">
      <file name="/Users/Sven/Documents/Alfred2/alphred/classes/Alfred.php">
        <class name="Alfred" namespace="Alphred">
          <metrics methods="14" coveredmethods="0" conditionals="0" coveredconditionals="0" statements="31" coveredstatements="0" elements="45" coveredelements="0"/>
        </class>
        <line num="21" type="method" name="__construct" crap="6" count="0"/>
        <line num="22" type="stmt" count="0"/>
        <line num="23" type="stmt" count="0"/>
        <line num="24" type="stmt" count="0"/>
        <line num="25" type="stmt" count="0"/>
        <line num="27" type="method" name="create_directories" crap="20" count="0"/>
        <line num="28" type="stmt" count="0"/>
        <line num="29" type="stmt" count="0"/>
        <line num="31" type="stmt" count="0"/>
        <line num="32" type="stmt" count="0"/>
        <line num="33" type="stmt" count="0"/>
        <line num="34" type="stmt" count="0"/>
        <line num="35" type="stmt" count="0"/>
        <line num="36" type="stmt" count="0"/>
        <line num="38" type="stmt" count="0"/>
        <line num="41" type="method" name="user" crap="2" count="0"/>
        <line num="42" type="stmt" count="0"/>
        <line num="45" type="method" name="bundle" crap="2" count="0"/>
        <line num="46" type="stmt" count="0"/>
        <line num="49" type="method" name="data" crap="2" count="0"/>
        <line num="50" type="stmt" count="0"/>
        <line num="53" type="method" name="cache" crap="2" count="0"/>
        <line num="54" type="stmt" count="0"/>
        <line num="57" type="method" name="uid" crap="2" count="0"/>
        <line num="58" type="stmt" count="0"/>
        <line num="61" type="method" name="workflow_name" crap="2" count="0"/>
        <line num="62" type="stmt" count="0"/>
        <line num="65" type="method" name="theme_subtext" crap="2" count="0"/>
        <line num="66" type="stmt" count="0"/>
        <line num="69" type="method" name="alfred_version" crap="2" count="0"/>
        <line num="70" type="stmt" count="0"/>
        <line num="73" type="method" name="alfred_build" crap="2" count="0"/>
        <line num="74" type="stmt" count="0"/>
        <line num="77" type="method" name="dir" crap="2" count="0"/>
        <line num="78" type="stmt" count="0"/>
        <line num="81" type="method" name="theme_background" crap="2" count="0"/>
        <line num="82" type="stmt" count="0"/>
        <line num="85" type="method" name="light_or_dark" crap="6" count="0"/>
        <line num="87" type="stmt" count="0"/>
        <line num="89" type="stmt" count="0"/>
        <line num="91" type="stmt" count="0"/>
        <line num="94" type="stmt" count="0"/>
        <line num="96" type="stmt" count="0"/>
        <line num="97" type="stmt" count="0"/>
        <line num="99" type="stmt" count="0"/>
        <metrics loc="107" ncloc="86" classes="1" methods="14" coveredmethods="0" conditionals="0" coveredconditionals="0" statements="31" coveredstatements="0" elements="45" coveredelements="0"/>
      </file>
      <file name="/Users/Sven/Documents/Alfred2/alphred/classes/AppleScript.php">
        <class name="AppleScript" namespace="Alphred">
          <metrics methods="4" coveredmethods="4" conditionals="0" coveredconditionals="0" statements="12" coveredstatements="12" elements="16" coveredelements="16"/>
        </class>
        <line num="12" type="method" name="get_front" crap="1" count="1"/>
        <line num="27" type="stmt" count="1"/>
        <line num="28" type="stmt" count="1"/>
        <line num="30" type="stmt" count="1"/>
        <line num="31" type="stmt" count="1"/>
        <line num="32" type="stmt" count="1"/>
        <line num="36" type="method" name="activate" crap="1" count="1"/>
        <line num="37" type="stmt" count="1"/>
        <line num="38" type="stmt" count="1"/>
        <line num="39" type="stmt" count="1"/>
        <line num="42" type="method" name="bring_to_front" crap="1" count="1"/>
        <line num="43" type="stmt" count="1"/>
        <line num="44" type="stmt" count="1"/>
        <line num="45" type="stmt" count="1"/>
        <line num="48" type="method" name="exec" crap="1" count="1"/>
        <line num="49" type="stmt" count="1"/>
        <metrics loc="51" ncloc="39" classes="1" methods="4" coveredmethods="4" conditionals="0" coveredconditionals="0" statements="12" coveredstatements="12" elements="16" coveredelements="16"/>
      </file>
      <file name="/Users/Sven/Documents/Alfred2/alphred/classes/Choose.php">
        <class name="Choose" namespace="Alphred">
          <metrics methods="8" coveredmethods="0" conditionals="0" coveredconditionals="0" statements="80" coveredstatements="0" elements="88" coveredelements="0"/>
        </class>
        <line num="25" type="method" name="from_list" crap="12" count="0"/>
        <line num="28" type="stmt" count="0"/>
        <line num="29" type="stmt" count="0"/>
        <line num="33" type="stmt" count="0"/>
        <line num="35" type="stmt" count="0"/>
        <line num="40" type="stmt" count="0"/>
        <line num="41" type="stmt" count="0"/>
        <line num="42" type="stmt" count="0"/>
        <line num="43" type="stmt" count="0"/>
        <line num="44" type="stmt" count="0"/>
        <line num="45" type="stmt" count="0"/>
        <line num="47" type="stmt" count="0"/>
        <line num="50" type="stmt" count="0"/>
        <line num="52" type="stmt" count="0"/>
        <line num="54" type="stmt" count="0"/>
        <line num="57" type="stmt" count="0"/>
        <line num="70" type="method" name="file" crap="6" count="0"/>
        <line num="72" type="stmt" count="0"/>
        <line num="77" type="stmt" count="0"/>
        <line num="78" type="stmt" count="0"/>
        <line num="79" type="stmt" count="0"/>
        <line num="80" type="stmt" count="0"/>
        <line num="81" type="stmt" count="0"/>
        <line num="83" type="stmt" count="0"/>
        <line num="86" type="stmt" count="0"/>
        <line num="88" type="stmt" count="0"/>
        <line num="90" type="stmt" count="0"/>
        <line num="93" type="stmt" count="0"/>
        <line num="105" type="method" name="filename" crap="6" count="0"/>
        <line num="107" type="stmt" count="0"/>
        <line num="112" type="stmt" count="0"/>
        <line num="113" type="stmt" count="0"/>
        <line num="115" type="stmt" count="0"/>
        <line num="118" type="stmt" count="0"/>
        <line num="120" type="stmt" count="0"/>
        <line num="122" type="stmt" count="0"/>
        <line num="125" type="stmt" count="0"/>
        <line num="138" type="method" name="folder" crap="6" count="0"/>
        <line num="140" type="stmt" count="0"/>
        <line num="145" type="stmt" count="0"/>
        <line num="146" type="stmt" count="0"/>
        <line num="147" type="stmt" count="0"/>
        <line num="148" type="stmt" count="0"/>
        <line num="150" type="stmt" count="0"/>
        <line num="153" type="stmt" count="0"/>
        <line num="155" type="stmt" count="0"/>
        <line num="157" type="stmt" count="0"/>
        <line num="160" type="stmt" count="0"/>
        <line num="177" type="method" name="create" crap="56" count="0"/>
        <line num="180" type="stmt" count="0"/>
        <line num="183" type="stmt" count="0"/>
        <line num="185" type="stmt" count="0"/>
        <line num="186" type="stmt" count="0"/>
        <line num="187" type="stmt" count="0"/>
        <line num="188" type="stmt" count="0"/>
        <line num="189" type="stmt" count="0"/>
        <line num="190" type="stmt" count="0"/>
        <line num="191" type="stmt" count="0"/>
        <line num="192" type="stmt" count="0"/>
        <line num="193" type="stmt" count="0"/>
        <line num="194" type="stmt" count="0"/>
        <line num="195" type="stmt" count="0"/>
        <line num="197" type="stmt" count="0"/>
        <line num="199" type="stmt" count="0"/>
        <line num="200" type="stmt" count="0"/>
        <line num="201" type="stmt" count="0"/>
        <line num="202" type="stmt" count="0"/>
        <line num="204" type="stmt" count="0"/>
        <line num="205" type="stmt" count="0"/>
        <line num="208" type="stmt" count="0"/>
        <line num="221" type="method" name="process" crap="30" count="0"/>
        <line num="223" type="stmt" count="0"/>
        <line num="225" type="stmt" count="0"/>
        <line num="228" type="stmt" count="0"/>
        <line num="229" type="stmt" count="0"/>
        <line num="230" type="stmt" count="0"/>
        <line num="232" type="stmt" count="0"/>
        <line num="235" type="stmt" count="0"/>
        <line num="238" type="stmt" count="0"/>
        <line num="239" type="stmt" count="0"/>
        <line num="240" type="stmt" count="0"/>
        <line num="242" type="stmt" count="0"/>
        <line num="245" type="stmt" count="0"/>
        <line num="247" type="method" name="anonymous function" crap="2" count="0"/>
        <line num="248" type="stmt" count="0"/>
        <line num="249" type="stmt" count="0"/>
        <line num="250" type="stmt" count="0"/>
        <line num="252" type="stmt" count="0"/>
        <line num="263" type="method" name="to_posix_path" crap="2" count="0"/>
        <line num="265" type="stmt" count="0"/>
        <metrics loc="267" ncloc="88" classes="1" methods="8" coveredmethods="0" conditionals="0" coveredconditionals="0" statements="82" coveredstatements="0" elements="90" coveredelements="0"/>
      </file>
      <file name="/Users/Sven/Documents/Alfred2/alphred/classes/Config.php">
        <class name="Config" namespace="Alphred">
          <metrics methods="20" coveredmethods="18" conditionals="0" coveredconditionals="0" statements="80" coveredstatements="76" elements="100" coveredelements="94"/>
        </class>
        <line num="66" type="method" name="__construct" crap="3.01" count="10"/>
        <line num="70" type="stmt" count="10"/>
        <line num="71" type="stmt" count="0"/>
        <line num="74" type="stmt" count="10"/>
        <line num="76" type="stmt" count="10"/>
        <line num="80" type="stmt" count="1"/>
        <line num="84" type="stmt" count="9"/>
        <line num="86" type="stmt" count="9"/>
        <line num="88" type="stmt" count="9"/>
        <line num="90" type="stmt" count="9"/>
        <line num="100" type="method" name="create_data_directory" crap="4.12" count="10"/>
        <line num="102" type="stmt" count="10"/>
        <line num="104" type="stmt" count="10"/>
        <line num="106" type="stmt" count="0"/>
        <line num="109" type="stmt" count="0"/>
        <line num="112" type="stmt" count="10"/>
        <line num="116" type="stmt" count="0"/>
        <line num="126" type="method" name="get_config_file" crap="1" count="9"/>
        <line num="127" type="stmt" count="9"/>
        <line num="142" type="method" name="load_handler" crap="1" count="9"/>
        <line num="143" type="stmt" count="9"/>
        <line num="144" type="stmt" count="9"/>
        <line num="145" type="stmt" count="9"/>
        <line num="157" type="method" name="set" crap="1" count="6"/>
        <line num="158" type="stmt" count="6"/>
        <line num="159" type="stmt" count="6"/>
        <line num="170" type="method" name="read" crap="1" count="9"/>
        <line num="171" type="stmt" count="9"/>
        <line num="172" type="stmt" count="9"/>
        <line num="185" type="method" name="delete" crap="1" count="3"/>
        <line num="186" type="stmt" count="3"/>
        <line num="187" type="stmt" count="3"/>
        <line num="201" type="method" name="load_json" crap="2" count="3"/>
        <line num="202" type="stmt" count="3"/>
        <line num="203" type="stmt" count="3"/>
        <line num="204" type="stmt" count="3"/>
        <line num="205" type="stmt" count="3"/>
        <line num="206" type="stmt" count="3"/>
        <line num="218" type="method" name="set_json" crap="1" count="2"/>
        <line num="220" type="stmt" count="2"/>
        <line num="221" type="stmt" count="2"/>
        <line num="222" type="stmt" count="2"/>
        <line num="233" type="method" name="read_json" crap="2" count="3"/>
        <line num="234" type="stmt" count="3"/>
        <line num="235" type="stmt" count="2"/>
        <line num="237" type="stmt" count="2"/>
        <line num="248" type="method" name="unset_json" crap="2" count="1"/>
        <line num="249" type="stmt" count="1"/>
        <line num="250" type="stmt" count="1"/>
        <line num="252" type="stmt" count="1"/>
        <line num="253" type="stmt" count="1"/>
        <line num="254" type="stmt" count="1"/>
        <line num="268" type="method" name="load_sqlite" crap="1" count="3"/>
        <line num="269" type="stmt" count="3"/>
        <line num="270" type="stmt" count="3"/>
        <line num="271" type="stmt" count="3"/>
        <line num="279" type="method" name="init_db_table" crap="1" count="3"/>
        <line num="280" type="stmt" count="3"/>
        <line num="282" type="stmt" count="3"/>
        <line num="294" type="method" name="set_sqlite" crap="2" count="2"/>
        <line num="295" type="stmt" count="2"/>
        <line num="296" type="stmt" count="2"/>
        <line num="297" type="stmt" count="2"/>
        <line num="298" type="stmt" count="2"/>
        <line num="299" type="stmt" count="2"/>
        <line num="300" type="stmt" count="2"/>
        <line num="301" type="stmt" count="2"/>
        <line num="312" type="method" name="read_sqlite" crap="2" count="3"/>
        <line num="313" type="stmt" count="3"/>
        <line num="314" type="stmt" count="3"/>
        <line num="315" type="stmt" count="3"/>
        <line num="317" type="stmt" count="3"/>
        <line num="318" type="stmt" count="3"/>
        <line num="319" type="stmt" count="2"/>
        <line num="321" type="stmt" count="2"/>
        <line num="332" type="method" name="unset_sqlite" crap="1" count="1"/>
        <line num="333" type="stmt" count="1"/>
        <line num="334" type="stmt" count="1"/>
        <line num="349" type="method" name="load_ini" crap="2" count="3"/>
        <line num="351" type="stmt" count="3"/>
        <line num="353" type="stmt" count="3"/>
        <line num="354" type="stmt" count="3"/>
        <line num="356" type="stmt" count="3"/>
        <line num="357" type="stmt" count="3"/>
        <line num="369" type="method" name="set_ini" crap="1" count="2"/>
        <line num="371" type="stmt" count="2"/>
        <line num="373" type="stmt" count="2"/>
        <line num="375" type="stmt" count="2"/>
        <line num="388" type="method" name="read_ini" crap="2" count="3"/>
        <line num="390" type="stmt" count="3"/>
        <line num="391" type="stmt" count="3"/>
        <line num="392" type="stmt" count="2"/>
        <line num="395" type="stmt" count="2"/>
        <line num="407" type="method" name="unset_ini" crap="2" count="1"/>
        <line num="409" type="stmt" count="1"/>
        <line num="410" type="stmt" count="1"/>
        <line num="411" type="stmt" count="1"/>
        <line num="412" type="stmt" count="1"/>
        <line num="413" type="stmt" count="1"/>
        <line num="415" type="stmt" count="1"/>
        <metrics loc="420" ncloc="151" classes="1" methods="20" coveredmethods="18" conditionals="0" coveredconditionals="0" statements="80" coveredstatements="76" elements="100" coveredelements="94"/>
      </file>
      <file name="/Users/Sven/Documents/Alfred2/alphred/classes/Date.php">
        <class name="Date" namespace="Alphred">
          <metrics methods="5" coveredmethods="2" conditionals="0" coveredconditionals="0" statements="222" coveredstatements="164" elements="227" coveredelements="166"/>
        </class>
        <line num="58" type="method" name="diff_a_date" crap="2" count="3"/>
        <line num="60" type="stmt" count="3"/>
        <line num="61" type="stmt" count="3"/>
        <line num="62" type="stmt" count="3"/>
        <line num="64" type="stmt" count="3"/>
        <line num="65" type="stmt" count="3"/>
        <line num="66" type="stmt" count="3"/>
        <line num="67" type="stmt" count="3"/>
        <line num="68" type="stmt" count="3"/>
        <line num="69" type="stmt" count="3"/>
        <line num="73" type="stmt" count="3"/>
        <line num="74" type="stmt" count="3"/>
        <line num="75" type="stmt" count="3"/>
        <line num="77" type="stmt" count="3"/>
        <line num="79" type="stmt" count="3"/>
        <line num="80" type="stmt" count="3"/>
        <line num="81" type="stmt" count="3"/>
        <line num="82" type="stmt" count="3"/>
        <line num="83" type="stmt" count="3"/>
        <line num="85" type="stmt" count="3"/>
        <line num="86" type="stmt" count="3"/>
        <line num="101" type="method" name="fuzzy_ago" crap="21.29" count="3"/>
        <line num="103" type="stmt" count="3"/>
        <line num="104" type="stmt" count="0"/>
        <line num="108" type="stmt" count="3"/>
        <line num="110" type="stmt" count="3"/>
        <line num="112" type="stmt" count="3"/>
        <line num="117" type="stmt" count="3"/>
        <line num="118" type="stmt" count="3"/>
        <line num="119" type="stmt" count="3"/>
        <line num="120" type="stmt" count="3"/>
        <line num="121" type="stmt" count="3"/>
        <line num="122" type="stmt" count="3"/>
        <line num="123" type="stmt" count="3"/>
        <line num="124" type="stmt" count="3"/>
        <line num="125" type="stmt" count="3"/>
        <line num="126" type="stmt" count="3"/>
        <line num="130" type="stmt" count="3"/>
        <line num="131" type="stmt" count="3"/>
        <line num="132" type="stmt" count="3"/>
        <line num="133" type="stmt" count="3"/>
        <line num="134" type="stmt" count="3"/>
        <line num="135" type="stmt" count="3"/>
        <line num="136" type="stmt" count="3"/>
        <line num="137" type="stmt" count="3"/>
        <line num="138" type="stmt" count="3"/>
        <line num="139" type="stmt" count="3"/>
        <line num="143" type="stmt" count="3"/>
        <line num="144" type="stmt" count="3"/>
        <line num="145" type="stmt" count="3"/>
        <line num="146" type="stmt" count="3"/>
        <line num="147" type="stmt" count="3"/>
        <line num="150" type="stmt" count="3"/>
        <line num="151" type="stmt" count="3"/>
        <line num="152" type="stmt" count="3"/>
        <line num="153" type="stmt" count="3"/>
        <line num="154" type="stmt" count="0"/>
        <line num="155" type="stmt" count="0"/>
        <line num="160" type="stmt" count="3"/>
        <line num="161" type="stmt" count="3"/>
        <line num="164" type="stmt" count="3"/>
        <line num="165" type="stmt" count="3"/>
        <line num="166" type="stmt" count="3"/>
        <line num="167" type="stmt" count="3"/>
        <line num="168" type="stmt" count="3"/>
        <line num="169" type="stmt" count="3"/>
        <line num="170" type="stmt" count="3"/>
        <line num="172" type="stmt" count="3"/>
        <line num="173" type="stmt" count="3"/>
        <line num="174" type="stmt" count="3"/>
        <line num="175" type="stmt" count="3"/>
        <line num="176" type="stmt" count="3"/>
        <line num="179" type="stmt" count="3"/>
        <line num="184" type="stmt" count="3"/>
        <line num="187" type="stmt" count="1"/>
        <line num="188" type="stmt" count="0"/>
        <line num="189" type="stmt" count="0"/>
        <line num="190" type="stmt" count="1"/>
        <line num="192" type="stmt" count="3"/>
        <line num="196" type="stmt" count="1"/>
        <line num="197" type="stmt" count="1"/>
        <line num="198" type="stmt" count="1"/>
        <line num="199" type="stmt" count="1"/>
        <line num="200" type="stmt" count="1"/>
        <line num="201" type="stmt" count="0"/>
        <line num="202" type="stmt" count="0"/>
        <line num="203" type="stmt" count="0"/>
        <line num="204" type="stmt" count="0"/>
        <line num="205" type="stmt" count="0"/>
        <line num="206" type="stmt" count="0"/>
        <line num="209" type="stmt" count="1"/>
        <line num="211" type="stmt" count="1"/>
        <line num="212" type="stmt" count="1"/>
        <line num="213" type="stmt" count="1"/>
        <line num="214" type="stmt" count="1"/>
        <line num="215" type="stmt" count="1"/>
        <line num="216" type="stmt" count="1"/>
        <line num="217" type="stmt" count="0"/>
        <line num="219" type="stmt" count="1"/>
        <line num="221" type="stmt" count="0"/>
        <line num="222" type="stmt" count="0"/>
        <line num="224" type="stmt" count="0"/>
        <line num="231" type="stmt" count="3"/>
        <line num="243" type="method" name="seconds_to_human_time" crap="6.01" count="3"/>
        <line num="244" type="stmt" count="3"/>
        <line num="245" type="stmt" count="3"/>
        <line num="248" type="stmt" count="3"/>
        <line num="250" type="stmt" count="3"/>
        <line num="252" type="stmt" count="3"/>
        <line num="253" type="stmt" count="3"/>
        <line num="255" type="stmt" count="2"/>
        <line num="256" type="stmt" count="2"/>
        <line num="258" type="stmt" count="3"/>
        <line num="260" type="stmt" count="2"/>
        <line num="261" type="stmt" count="2"/>
        <line num="263" type="stmt" count="1"/>
        <line num="266" type="stmt" count="3"/>
        <line num="267" type="stmt" count="3"/>
        <line num="268" type="stmt" count="3"/>
        <line num="271" type="stmt" count="3"/>
        <line num="272" type="stmt" count="0"/>
        <line num="280" type="stmt" count="3"/>
        <line num="295" type="method" name="ago" crap="3" count="2"/>
        <line num="296" type="stmt" count="2"/>
        <line num="297" type="stmt" count="2"/>
        <line num="298" type="stmt" count="2"/>
        <line num="299" type="stmt" count="1"/>
        <line num="300" type="stmt" count="1"/>
        <line num="301" type="stmt" count="1"/>
        <line num="303" type="stmt" count="2"/>
        <line num="304" type="stmt" count="2"/>
        <line num="305" type="stmt" count="1"/>
        <line num="307" type="stmt" count="1"/>
        <line num="320" type="method" name="convert_number_to_words" crap="43.62" count="2"/>
        <line num="323" type="stmt" count="2"/>
        <line num="324" type="stmt" count="2"/>
        <line num="325" type="stmt" count="2"/>
        <line num="326" type="stmt" count="2"/>
        <line num="327" type="stmt" count="2"/>
        <line num="330" type="stmt" count="2"/>
        <line num="331" type="stmt" count="2"/>
        <line num="332" type="stmt" count="2"/>
        <line num="333" type="stmt" count="2"/>
        <line num="334" type="stmt" count="2"/>
        <line num="335" type="stmt" count="2"/>
        <line num="336" type="stmt" count="2"/>
        <line num="337" type="stmt" count="2"/>
        <line num="338" type="stmt" count="2"/>
        <line num="339" type="stmt" count="2"/>
        <line num="340" type="stmt" count="2"/>
        <line num="341" type="stmt" count="2"/>
        <line num="342" type="stmt" count="2"/>
        <line num="343" type="stmt" count="2"/>
        <line num="344" type="stmt" count="2"/>
        <line num="345" type="stmt" count="2"/>
        <line num="346" type="stmt" count="2"/>
        <line num="347" type="stmt" count="2"/>
        <line num="348" type="stmt" count="2"/>
        <line num="349" type="stmt" count="2"/>
        <line num="350" type="stmt" count="2"/>
        <line num="351" type="stmt" count="2"/>
        <line num="352" type="stmt" count="2"/>
        <line num="353" type="stmt" count="2"/>
        <line num="354" type="stmt" count="2"/>
        <line num="355" type="stmt" count="2"/>
        <line num="356" type="stmt" count="2"/>
        <line num="357" type="stmt" count="2"/>
        <line num="358" type="stmt" count="2"/>
        <line num="359" type="stmt" count="2"/>
        <line num="360" type="stmt" count="2"/>
        <line num="361" type="stmt" count="2"/>
        <line num="362" type="stmt" count="2"/>
        <line num="363" type="stmt" count="2"/>
        <line num="365" type="stmt" count="2"/>
        <line num="367" type="stmt" count="2"/>
        <line num="369" type="stmt" count="0"/>
        <line num="372" type="stmt" count="2"/>
        <line num="374" type="stmt" count="0"/>
        <line num="375" type="stmt" count="0"/>
        <line num="377" type="stmt" count="0"/>
        <line num="378" type="stmt" count="0"/>
        <line num="381" type="stmt" count="2"/>
        <line num="383" type="stmt" count="0"/>
        <line num="386" type="stmt" count="2"/>
        <line num="388" type="stmt" count="2"/>
        <line num="389" type="stmt" count="0"/>
        <line num="390" type="stmt" count="0"/>
        <line num="393" type="stmt" count="2"/>
        <line num="394" type="stmt" count="2"/>
        <line num="395" type="stmt" count="2"/>
        <line num="396" type="stmt" count="2"/>
        <line num="397" type="stmt" count="0"/>
        <line num="398" type="stmt" count="0"/>
        <line num="399" type="stmt" count="0"/>
        <line num="400" type="stmt" count="0"/>
        <line num="401" type="stmt" count="0"/>
        <line num="402" type="stmt" count="0"/>
        <line num="403" type="stmt" count="0"/>
        <line num="404" type="stmt" count="0"/>
        <line num="405" type="stmt" count="0"/>
        <line num="406" type="stmt" count="0"/>
        <line num="407" type="stmt" count="0"/>
        <line num="408" type="stmt" count="0"/>
        <line num="409" type="stmt" count="0"/>
        <line num="411" type="stmt" count="0"/>
        <line num="412" type="stmt" count="0"/>
        <line num="413" type="stmt" count="0"/>
        <line num="414" type="stmt" count="0"/>
        <line num="415" type="stmt" count="0"/>
        <line num="416" type="stmt" count="0"/>
        <line num="417" type="stmt" count="0"/>
        <line num="418" type="stmt" count="0"/>
        <line num="419" type="stmt" count="0"/>
        <line num="420" type="stmt" count="0"/>
        <line num="422" type="stmt" count="0"/>
        <line num="423" type="stmt" count="0"/>
        <line num="424" type="stmt" count="0"/>
        <line num="425" type="stmt" count="0"/>
        <line num="427" type="stmt" count="2"/>
        <line num="428" type="stmt" count="0"/>
        <line num="429" type="stmt" count="0"/>
        <line num="430" type="stmt" count="0"/>
        <line num="431" type="stmt" count="0"/>
        <line num="432" type="stmt" count="0"/>
        <line num="433" type="stmt" count="0"/>
        <line num="434" type="stmt" count="0"/>
        <line num="436" type="stmt" count="2"/>
        <metrics loc="438" ncloc="236" classes="1" methods="5" coveredmethods="2" conditionals="0" coveredconditionals="0" statements="222" coveredstatements="164" elements="227" coveredelements="166"/>
      </file>
      <file name="/Users/Sven/Documents/Alfred2/alphred/classes/Dialog.php">
        <class name="Dialog" namespace="Alphred">
          <metrics methods="12" coveredmethods="0" conditionals="0" coveredconditionals="0" statements="91" coveredstatements="0" elements="103" coveredelements="0"/>
        </class>
        <line num="22" type="method" name="__construct" crap="20" count="0"/>
        <line num="24" type="stmt" count="0"/>
        <line num="26" type="stmt" count="0"/>
        <line num="28" type="stmt" count="0"/>
        <line num="29" type="stmt" count="0"/>
        <line num="31" type="stmt" count="0"/>
        <line num="32" type="stmt" count="0"/>
        <line num="33" type="stmt" count="0"/>
        <line num="34" type="stmt" count="0"/>
        <line num="36" type="stmt" count="0"/>
        <line num="45" type="method" name="create_dialog" crap="72" count="0"/>
        <line num="48" type="stmt" count="0"/>
        <line num="54" type="stmt" count="0"/>
        <line num="55" type="stmt" count="0"/>
        <line num="56" type="stmt" count="0"/>
        <line num="57" type="stmt" count="0"/>
        <line num="58" type="stmt" count="0"/>
        <line num="59" type="stmt" count="0"/>
        <line num="60" type="stmt" count="0"/>
        <line num="61" type="stmt" count="0"/>
        <line num="62" type="stmt" count="0"/>
        <line num="63" type="stmt" count="0"/>
        <line num="64" type="stmt" count="0"/>
        <line num="65" type="stmt" count="0"/>
        <line num="66" type="stmt" count="0"/>
        <line num="67" type="stmt" count="0"/>
        <line num="68" type="stmt" count="0"/>
        <line num="69" type="stmt" count="0"/>
        <line num="70" type="stmt" count="0"/>
        <line num="71" type="stmt" count="0"/>
        <line num="72" type="stmt" count="0"/>
        <line num="73" type="stmt" count="0"/>
        <line num="74" type="stmt" count="0"/>
        <line num="75" type="stmt" count="0"/>
        <line num="82" type="method" name="execute" crap="30" count="0"/>
        <line num="84" type="stmt" count="0"/>
        <line num="87" type="stmt" count="0"/>
        <line num="90" type="stmt" count="0"/>
        <line num="91" type="stmt" count="0"/>
        <line num="92" type="stmt" count="0"/>
        <line num="93" type="stmt" count="0"/>
        <line num="95" type="stmt" count="0"/>
        <line num="97" type="stmt" count="0"/>
        <line num="99" type="stmt" count="0"/>
        <line num="101" type="stmt" count="0"/>
        <line num="102" type="stmt" count="0"/>
        <line num="104" type="stmt" count="0"/>
        <line num="115" type="method" name="set_icon" crap="12" count="0"/>
        <line num="117" type="stmt" count="0"/>
        <line num="119" type="stmt" count="0"/>
        <line num="121" type="stmt" count="0"/>
        <line num="122" type="stmt" count="0"/>
        <line num="124" type="stmt" count="0"/>
        <line num="126" type="stmt" count="0"/>
        <line num="129" type="stmt" count="0"/>
        <line num="131" type="stmt" count="0"/>
        <line num="132" type="stmt" count="0"/>
        <line num="143" type="method" name="set_text" crap="2" count="0"/>
        <line num="144" type="stmt" count="0"/>
        <line num="145" type="stmt" count="0"/>
        <line num="156" type="method" name="set_buttons" crap="56" count="0"/>
        <line num="157" type="stmt" count="0"/>
        <line num="160" type="stmt" count="0"/>
        <line num="162" type="stmt" count="0"/>
        <line num="163" type="stmt" count="0"/>
        <line num="164" type="stmt" count="0"/>
        <line num="165" type="stmt" count="0"/>
        <line num="166" type="stmt" count="0"/>
        <line num="167" type="stmt" count="0"/>
        <line num="168" type="stmt" count="0"/>
        <line num="169" type="stmt" count="0"/>
        <line num="170" type="stmt" count="0"/>
        <line num="171" type="stmt" count="0"/>
        <line num="174" type="stmt" count="0"/>
        <line num="175" type="stmt" count="0"/>
        <line num="176" type="stmt" count="0"/>
        <line num="177" type="stmt" count="0"/>
        <line num="186" type="method" name="set_default_button" crap="6" count="0"/>
        <line num="190" type="stmt" count="0"/>
        <line num="191" type="stmt" count="0"/>
        <line num="192" type="stmt" count="0"/>
        <line num="195" type="stmt" count="0"/>
        <line num="205" type="method" name="set_title" crap="2" count="0"/>
        <line num="207" type="stmt" count="0"/>
        <line num="208" type="stmt" count="0"/>
        <line num="209" type="stmt" count="0"/>
        <line num="211" type="method" name="set_default_answer" crap="2" count="0"/>
        <line num="212" type="stmt" count="0"/>
        <line num="213" type="stmt" count="0"/>
        <line num="215" type="method" name="set_timeout" crap="2" count="0"/>
        <line num="216" type="stmt" count="0"/>
        <line num="217" type="stmt" count="0"/>
        <line num="219" type="method" name="set_cancel" crap="2" count="0"/>
        <line num="220" type="stmt" count="0"/>
        <line num="221" type="stmt" count="0"/>
        <line num="223" type="method" name="set_hidden_answer" crap="12" count="0"/>
        <line num="224" type="stmt" count="0"/>
        <line num="225" type="stmt" count="0"/>
        <line num="229" type="stmt" count="0"/>
        <line num="230" type="stmt" count="0"/>
        <line num="231" type="stmt" count="0"/>
        <line num="232" type="stmt" count="0"/>
        <line num="233" type="stmt" count="0"/>
        <metrics loc="234" ncloc="105" classes="1" methods="12" coveredmethods="0" conditionals="0" coveredconditionals="0" statements="91" coveredstatements="0" elements="103" coveredelements="0"/>
      </file>
      <file name="/Users/Sven/Documents/Alfred2/alphred/classes/Exceptions.php">
        <class name="Exception" namespace="Alphred">
          <metrics methods="1" coveredmethods="0" conditionals="0" coveredconditionals="0" statements="7" coveredstatements="3" elements="8" coveredelements="3"/>
        </class>
        <class name="UseOnlyAsStatic" namespace="Alphred">
          <metrics methods="0" coveredmethods="0" conditionals="0" coveredconditionals="0" statements="0" coveredstatements="0" elements="0" coveredelements="0"/>
        </class>
        <class name="RunningOutsideOfAlfred" namespace="Alphred">
          <metrics methods="0" coveredmethods="0" conditionals="0" coveredconditionals="0" statements="0" coveredstatements="0" elements="0" coveredelements="0"/>
        </class>
        <class name="InvalidScriptFilterArgument" namespace="Alphred">
          <metrics methods="0" coveredmethods="0" conditionals="0" coveredconditionals="0" statements="0" coveredstatements="0" elements="0" coveredelements="0"/>
        </class>
        <class name="InvalidKeychainAccount" namespace="Alphred">
          <metrics methods="0" coveredmethods="0" conditionals="0" coveredconditionals="0" statements="0" coveredstatements="0" elements="0" coveredelements="0"/>
        </class>
        <class name="PasswordExists" namespace="Alphred">
          <metrics methods="0" coveredmethods="0" conditionals="0" coveredconditionals="0" statements="0" coveredstatements="0" elements="0" coveredelements="0"/>
        </class>
        <class name="PasswordNotFound" namespace="Alphred">
          <metrics methods="0" coveredmethods="0" conditionals="0" coveredconditionals="0" statements="0" coveredstatements="0" elements="0" coveredelements="0"/>
        </class>
        <class name="InvalidSecurityAction" namespace="Alphred">
          <metrics methods="0" coveredmethods="0" conditionals="0" coveredconditionals="0" statements="0" coveredstatements="0" elements="0" coveredelements="0"/>
        </class>
        <class name="UnknownSecurityException" namespace="Alphred">
          <metrics methods="0" coveredmethods="0" conditionals="0" coveredconditionals="0" statements="0" coveredstatements="0" elements="0" coveredelements="0"/>
        </class>
        <class name="TooManyArguments" namespace="Alphred">
          <metrics methods="0" coveredmethods="0" conditionals="0" coveredconditionals="0" statements="0" coveredstatements="0" elements="0" coveredelements="0"/>
        </class>
        <class name="InvalidXMLProperty" namespace="Alphred">
          <metrics methods="0" coveredmethods="0" conditionals="0" coveredconditionals="0" statements="0" coveredstatements="0" elements="0" coveredelements="0"/>
        </class>
        <class name="ShouldBeBool" namespace="Alphred">
          <metrics methods="0" coveredmethods="0" conditionals="0" coveredconditionals="0" statements="0" coveredstatements="0" elements="0" coveredelements="0"/>
        </class>
        <class name="FileDoesNotExist" namespace="Alphred">
          <metrics methods="0" coveredmethods="0" conditionals="0" coveredconditionals="0" statements="0" coveredstatements="0" elements="0" coveredelements="0"/>
        </class>
        <class name="PluginFunctionNotFound" namespace="Alphred">
          <metrics methods="0" coveredmethods="0" conditionals="0" coveredconditionals="0" statements="0" coveredstatements="0" elements="0" coveredelements="0"/>
        </class>
        <class name="ConfigKeyNotSet" namespace="Alphred">
          <metrics methods="0" coveredmethods="0" conditionals="0" coveredconditionals="0" statements="0" coveredstatements="0" elements="0" coveredelements="0"/>
        </class>
        <line num="20" type="method" name="__construct" crap="4.68" count="15"/>
        <line num="22" type="stmt" count="15"/>
        <line num="25" type="stmt" count="15"/>
        <line num="26" type="stmt" count="0"/>
        <line num="27" type="stmt" count="0"/>
        <line num="28" type="stmt" count="0"/>
        <line num="29" type="stmt" count="0"/>
        <line num="30" type="stmt" count="15"/>
        <metrics loc="112" ncloc="41" classes="15" methods="1" coveredmethods="0" conditionals="0" coveredconditionals="0" statements="7" coveredstatements="3" elements="8" coveredelements="3"/>
      </file>
      <file name="/Users/Sven/Documents/Alfred2/alphred/classes/Filter.php">
        <class name="Filter" namespace="Alphred">
          <metrics methods="5" coveredmethods="0" conditionals="0" coveredconditionals="0" statements="57" coveredstatements="0" elements="62" coveredelements="0"/>
        </class>
        <line num="26" type="method" name="Filter" crap="156" count="0"/>
        <line num="35" type="stmt" count="0"/>
        <line num="36" type="stmt" count="0"/>
        <line num="40" type="stmt" count="0"/>
        <line num="43" type="stmt" count="0"/>
        <line num="46" type="stmt" count="0"/>
        <line num="49" type="stmt" count="0"/>
        <line num="51" type="stmt" count="0"/>
        <line num="54" type="stmt" count="0"/>
        <line num="55" type="stmt" count="0"/>
        <line num="56" type="stmt" count="0"/>
        <line num="57" type="stmt" count="0"/>
        <line num="61" type="stmt" count="0"/>
        <line num="62" type="stmt" count="0"/>
        <line num="65" type="stmt" count="0"/>
        <line num="68" type="stmt" count="0"/>
        <line num="69" type="stmt" count="0"/>
        <line num="72" type="stmt" count="0"/>
        <line num="75" type="stmt" count="0"/>
        <line num="76" type="stmt" count="0"/>
        <line num="79" type="stmt" count="0"/>
        <line num="81" type="stmt" count="0"/>
        <line num="84" type="stmt" count="0"/>
        <line num="85" type="stmt" count="0"/>
        <line num="86" type="stmt" count="0"/>
        <line num="88" type="stmt" count="0"/>
        <line num="91" type="stmt" count="0"/>
        <line num="93" type="stmt" count="0"/>
        <line num="94" type="stmt" count="0"/>
        <line num="95" type="stmt" count="0"/>
        <line num="98" type="stmt" count="0"/>
        <line num="99" type="stmt" count="0"/>
        <line num="100" type="stmt" count="0"/>
        <line num="102" type="stmt" count="0"/>
        <line num="111" type="method" name="sort_by_score" crap="2" count="0"/>
        <line num="112" type="stmt" count="0"/>
        <line num="120" type="method" name="remove_all_non_caps" crap="2" count="0"/>
        <line num="121" type="stmt" count="0"/>
        <line num="129" type="method" name="convert" crap="2" count="0"/>
        <line num="131" type="stmt" count="0"/>
        <line num="135" type="stmt" count="0"/>
        <line num="146" type="method" name="filter_item" crap="462" count="0"/>
        <line num="147" type="stmt" count="0"/>
        <line num="149" type="stmt" count="0"/>
        <line num="150" type="stmt" count="0"/>
        <line num="151" type="stmt" count="0"/>
        <line num="154" type="stmt" count="0"/>
        <line num="155" type="stmt" count="0"/>
        <line num="156" type="stmt" count="0"/>
        <line num="157" type="stmt" count="0"/>
        <line num="161" type="stmt" count="0"/>
        <line num="162" type="stmt" count="0"/>
        <line num="163" type="stmt" count="0"/>
        <line num="167" type="stmt" count="0"/>
        <line num="168" type="stmt" count="0"/>
        <line num="169" type="stmt" count="0"/>
        <line num="170" type="stmt" count="0"/>
        <line num="171" type="stmt" count="0"/>
        <line num="173" type="stmt" count="0"/>
        <line num="176" type="stmt" count="0"/>
        <line num="178" type="stmt" count="0"/>
        <line num="181" type="stmt" count="0"/>
        <line num="183" type="stmt" count="0"/>
        <line num="184" type="stmt" count="0"/>
        <line num="186" type="stmt" count="0"/>
        <line num="189" type="stmt" count="0"/>
        <line num="190" type="stmt" count="0"/>
        <line num="191" type="stmt" count="0"/>
        <line num="193" type="stmt" count="0"/>
        <line num="198" type="stmt" count="0"/>
        <line num="199" type="stmt" count="0"/>
        <line num="200" type="stmt" count="0"/>
        <line num="201" type="stmt" count="0"/>
        <line num="204" type="stmt" count="0"/>
        <line num="205" type="stmt" count="0"/>
        <line num="209" type="stmt" count="0"/>
        <line num="210" type="stmt" count="0"/>
        <line num="211" type="stmt" count="0"/>
        <line num="219" type="stmt" count="0"/>
        <line num="220" type="stmt" count="0"/>
        <line num="221" type="stmt" count="0"/>
        <line num="222" type="stmt" count="0"/>
        <line num="223" type="stmt" count="0"/>
        <line num="225" type="stmt" count="0"/>
        <line num="226" type="stmt" count="0"/>
        <line num="227" type="stmt" count="0"/>
        <line num="228" type="stmt" count="0"/>
        <line num="229" type="stmt" count="0"/>
        <line num="230" type="stmt" count="0"/>
        <line num="234" type="stmt" count="0"/>
        <metrics loc="238" ncloc="101" classes="1" methods="5" coveredmethods="0" conditionals="0" coveredconditionals="0" statements="85" coveredstatements="0" elements="90" coveredelements="0"/>
      </file>
      <file name="/Users/Sven/Documents/Alfred2/alphred/classes/Globals.php">
        <class name="Globals" namespace="Alphred">
          <metrics methods="6" coveredmethods="5" conditionals="0" coveredconditionals="0" statements="15" coveredstatements="14" elements="21" coveredelements="19"/>
        </class>
        <line num="58" type="method" name="__construct" crap="1" count="1"/>
        <line num="59" type="stmt" count="1"/>
        <line num="71" type="method" name="get" crap="4" count="23"/>
        <line num="73" type="stmt" count="23"/>
        <line num="75" type="stmt" count="22"/>
        <line num="76" type="stmt" count="21"/>
        <line num="80" type="stmt" count="2"/>
        <line num="81" type="stmt" count="1"/>
        <line num="84" type="stmt" count="1"/>
        <line num="87" type="stmt" count="1"/>
        <line num="98" type="method" name="bundle" crap="1" count="13"/>
        <line num="99" type="stmt" count="13"/>
        <line num="109" type="method" name="data" crap="1" count="12"/>
        <line num="110" type="stmt" count="12"/>
        <line num="120" type="method" name="cache" crap="1" count="1"/>
        <line num="121" type="stmt" count="1"/>
        <line num="135" type="method" name="is_background" crap="2.06" count="1"/>
        <line num="137" type="stmt" count="1"/>
        <line num="138" type="stmt" count="1"/>
        <line num="139" type="stmt" count="0"/>
        <line num="144" type="stmt" count="1"/>
        <metrics loc="146" ncloc="47" classes="1" methods="6" coveredmethods="5" conditionals="0" coveredconditionals="0" statements="15" coveredstatements="14" elements="21" coveredelements="19"/>
      </file>
      <file name="/Users/Sven/Documents/Alfred2/alphred/classes/Ini.php">
        <class name="Ini" namespace="Alphred">
          <metrics methods="10" coveredmethods="2" conditionals="0" coveredconditionals="0" statements="98" coveredstatements="57" elements="108" coveredelements="59"/>
        </class>
        <line num="79" type="method" name="read_ini" crap="5.09" count="5"/>
        <line num="80" type="stmt" count="5"/>
        <line num="81" type="stmt" count="2"/>
        <line num="82" type="stmt" count="2"/>
        <line num="84" type="stmt" count="1"/>
        <line num="89" type="stmt" count="3"/>
        <line num="90" type="stmt" count="3"/>
        <line num="91" type="stmt" count="3"/>
        <line num="92" type="stmt" count="2"/>
        <line num="93" type="stmt" count="0"/>
        <line num="94" type="stmt" count="0"/>
        <line num="95" type="stmt" count="2"/>
        <line num="98" type="stmt" count="3"/>
        <line num="100" type="stmt" count="3"/>
        <line num="113" type="method" name="write_ini" crap="6.70" count="3"/>
        <line num="115" type="stmt" count="3"/>
        <line num="118" type="stmt" count="3"/>
        <line num="119" type="stmt" count="3"/>
        <line num="120" type="stmt" count="3"/>
        <line num="123" type="stmt" count="3"/>
        <line num="125" type="stmt" count="3"/>
        <line num="128" type="stmt" count="3"/>
        <line num="129" type="stmt" count="3"/>
        <line num="130" type="stmt" count="3"/>
        <line num="131" type="stmt" count="3"/>
        <line num="134" type="stmt" count="3"/>
        <line num="136" type="stmt" count="2"/>
        <line num="137" type="stmt" count="2"/>
        <line num="138" type="stmt" count="2"/>
        <line num="139" type="stmt" count="3"/>
        <line num="142" type="stmt" count="3"/>
        <line num="145" type="stmt" count="0"/>
        <line num="146" type="stmt" count="0"/>
        <line num="147" type="stmt" count="0"/>
        <line num="148" type="stmt" count="0"/>
        <line num="149" type="stmt" count="0"/>
        <line num="150" type="stmt" count="0"/>
        <line num="155" type="stmt" count="0"/>
        <line num="158" type="stmt" count="3"/>
        <line num="160" type="stmt" count="3"/>
        <line num="161" type="stmt" count="3"/>
        <line num="169" type="method" name="separate_non_sections" crap="3.10" count="3"/>
        <line num="173" type="stmt" count="3"/>
        <line num="175" type="stmt" count="3"/>
        <line num="176" type="stmt" count="3"/>
        <line num="177" type="stmt" count="2"/>
        <line num="180" type="stmt" count="0"/>
        <line num="181" type="stmt" count="0"/>
        <line num="185" type="stmt" count="2"/>
        <line num="187" type="stmt" count="3"/>
        <line num="189" type="stmt" count="3"/>
        <line num="201" type="method" name="print_section" crap="20" count="0"/>
        <line num="202" type="stmt" count="0"/>
        <line num="203" type="stmt" count="0"/>
        <line num="204" type="stmt" count="0"/>
        <line num="205" type="stmt" count="0"/>
        <line num="206" type="stmt" count="0"/>
        <line num="207" type="stmt" count="0"/>
        <line num="208" type="stmt" count="0"/>
        <line num="209" type="stmt" count="0"/>
        <line num="211" type="stmt" count="0"/>
        <line num="212" type="stmt" count="0"/>
        <line num="223" type="method" name="collapse_sections" crap="1" count="3"/>
        <line num="224" type="stmt" count="3"/>
        <line num="237" type="method" name="flatten_array" crap="12.56" count="3"/>
        <line num="238" type="stmt" count="3"/>
        <line num="239" type="stmt" count="0"/>
        <line num="241" type="stmt" count="3"/>
        <line num="242" type="stmt" count="3"/>
        <line num="245" type="stmt" count="2"/>
        <line num="247" type="stmt" count="2"/>
        <line num="249" type="stmt" count="2"/>
        <line num="251" type="stmt" count="2"/>
        <line num="254" type="stmt" count="0"/>
        <line num="255" type="stmt" count="0"/>
        <line num="256" type="stmt" count="0"/>
        <line num="257" type="stmt" count="2"/>
        <line num="258" type="stmt" count="0"/>
        <line num="259" type="stmt" count="0"/>
        <line num="260" type="stmt" count="2"/>
        <line num="262" type="stmt" count="2"/>
        <line num="264" type="stmt" count="2"/>
        <line num="279" type="method" name="step_back" crap="3.85" count="3"/>
        <line num="280" type="stmt" count="3"/>
        <line num="281" type="stmt" count="3"/>
        <line num="282" type="stmt" count="2"/>
        <line num="283" type="stmt" count="0"/>
        <line num="284" type="stmt" count="0"/>
        <line num="285" type="stmt" count="0"/>
        <line num="286" type="stmt" count="0"/>
        <line num="287" type="stmt" count="0"/>
        <line num="288" type="stmt" count="2"/>
        <line num="290" type="stmt" count="3"/>
        <line num="291" type="stmt" count="3"/>
        <line num="304" type="method" name="parse_section" crap="6" count="0"/>
        <line num="305" type="stmt" count="0"/>
        <line num="306" type="stmt" count="0"/>
        <line num="307" type="stmt" count="0"/>
        <line num="308" type="stmt" count="0"/>
        <line num="309" type="stmt" count="0"/>
        <line num="311" type="stmt" count="0"/>
        <line num="323" type="method" name="nest_array" crap="6" count="0"/>
        <line num="324" type="stmt" count="0"/>
        <line num="325" type="stmt" count="0"/>
        <line num="327" type="stmt" count="0"/>
        <line num="340" type="method" name="is_assoc" crap="1" count="3"/>
        <line num="342" type="stmt" count="3"/>
        <line num="346" type="stmt" count="3"/>
        <metrics loc="348" ncloc="138" classes="1" methods="10" coveredmethods="2" conditionals="0" coveredconditionals="0" statements="98" coveredstatements="57" elements="108" coveredelements="59"/>
      </file>
      <file name="/Users/Sven/Documents/Alfred2/alphred/classes/Keychain.php">
        <class name="Keychain" namespace="Alphred">
          <metrics methods="6" coveredmethods="4" conditionals="0" coveredconditionals="0" statements="37" coveredstatements="31" elements="43" coveredelements="35"/>
        </class>
        <line num="36" type="method" name="__construct" crap="1" count="1"/>
        <line num="37" type="stmt" count="1"/>
        <line num="53" type="method" name="save_password" crap="2.03" count="1"/>
        <line num="54" type="stmt" count="1"/>
        <line num="55" type="stmt" count="1"/>
        <line num="56" type="stmt" count="1"/>
        <line num="57" type="stmt" count="0"/>
        <line num="59" type="stmt" count="1"/>
        <line num="73" type="method" name="find_password" crap="2" count="2"/>
        <line num="75" type="stmt" count="2"/>
        <line num="76" type="stmt" count="1"/>
        <line num="79" type="stmt" count="1"/>
        <line num="90" type="method" name="delete_password" crap="2" count="3"/>
        <line num="91" type="stmt" count="3"/>
        <line num="92" type="stmt" count="1"/>
        <line num="93" type="stmt" count="1"/>
        <line num="94" type="stmt" count="1"/>
        <line num="96" type="stmt" count="2"/>
        <line num="113" type="method" name="call_security" crap="6.92" count="2"/>
        <line num="114" type="stmt" count="2"/>
        <line num="115" type="stmt" count="0"/>
        <line num="120" type="stmt" count="2"/>
        <line num="123" type="stmt" count="2"/>
        <line num="124" type="stmt" count="2"/>
        <line num="125" type="stmt" count="2"/>
        <line num="127" type="stmt" count="0"/>
        <line num="128" type="stmt" count="2"/>
        <line num="130" type="stmt" count="2"/>
        <line num="131" type="stmt" count="1"/>
        <line num="134" type="stmt" count="1"/>
        <line num="135" type="stmt" count="0"/>
        <line num="136" type="stmt" count="0"/>
        <line num="137" type="stmt" count="0"/>
        <line num="140" type="stmt" count="1"/>
        <line num="144" type="stmt" count="1"/>
        <line num="146" type="stmt" count="1"/>
        <line num="152" type="method" name="set_service" crap="3" count="2"/>
        <line num="155" type="stmt" count="2"/>
        <line num="156" type="stmt" count="2"/>
        <line num="157" type="stmt" count="2"/>
        <line num="158" type="stmt" count="2"/>
        <line num="159" type="stmt" count="2"/>
        <line num="160" type="stmt" count="2"/>
        <metrics loc="163" ncloc="69" classes="1" methods="6" coveredmethods="4" conditionals="0" coveredconditionals="0" statements="37" coveredstatements="31" elements="43" coveredelements="35"/>
      </file>
      <file name="/Users/Sven/Documents/Alfred2/alphred/classes/Log.php">
        <class name="Log" namespace="Alphred" fullPackage="Alphred" package="Alphred">
          <metrics methods="13" coveredmethods="2" conditionals="0" coveredconditionals="0" statements="76" coveredstatements="21" elements="89" coveredelements="23"/>
        </class>
        <line num="37" type="method" name="file" crap="6" count="0"/>
        <line num="43" type="stmt" count="0"/>
        <line num="44" type="stmt" count="0"/>
        <line num="48" type="stmt" count="0"/>
        <line num="50" type="stmt" count="0"/>
        <line num="52" type="stmt" count="0"/>
        <line num="54" type="stmt" count="0"/>
        <line num="57" type="stmt" count="0"/>
        <line num="60" type="stmt" count="0"/>
        <line num="61" type="stmt" count="0"/>
        <line num="72" type="method" name="console" crap="2" count="22"/>
        <line num="78" type="stmt" count="22"/>
        <line num="79" type="stmt" count="14"/>
        <line num="83" type="stmt" count="9"/>
        <line num="85" type="stmt" count="9"/>
        <line num="87" type="stmt" count="9"/>
        <line num="88" type="stmt" count="9"/>
        <line num="89" type="stmt" count="9"/>
        <line num="101" type="method" name="log" crap="6" count="0"/>
        <line num="106" type="stmt" count="0"/>
        <line num="107" type="stmt" count="0"/>
        <line num="110" type="stmt" count="0"/>
        <line num="112" type="stmt" count="0"/>
        <line num="113" type="stmt" count="0"/>
        <line num="123" type="method" name="get_log_filename" crap="6" count="0"/>
        <line num="126" type="stmt" count="0"/>
        <line num="127" type="stmt" count="0"/>
        <line num="128" type="stmt" count="0"/>
        <line num="129" type="stmt" count="0"/>
        <line num="131" type="stmt" count="0"/>
        <line num="139" type="method" name="create_log_directory" crap="12" count="0"/>
        <line num="140" type="stmt" count="0"/>
        <line num="141" type="stmt" count="0"/>
        <line num="142" type="stmt" count="0"/>
        <line num="143" type="stmt" count="0"/>
        <line num="144" type="stmt" count="0"/>
        <line num="145" type="stmt" count="0"/>
        <line num="146" type="stmt" count="0"/>
        <line num="153" type="method" name="check_log" crap="6" count="0"/>
        <line num="158" type="stmt" count="0"/>
        <line num="160" type="stmt" count="0"/>
        <line num="161" type="stmt" count="0"/>
        <line num="162" type="stmt" count="0"/>
        <line num="170" type="method" name="rotate_log" crap="6" count="0"/>
        <line num="172" type="stmt" count="0"/>
        <line num="175" type="stmt" count="0"/>
        <line num="178" type="stmt" count="0"/>
        <line num="180" type="stmt" count="0"/>
        <line num="181" type="stmt" count="0"/>
        <line num="184" type="stmt" count="0"/>
        <line num="187" type="stmt" count="0"/>
        <line num="188" type="stmt" count="0"/>
        <line num="198" type="method" name="normalize_log_level" crap="8.74" count="9"/>
        <line num="200" type="stmt" count="9"/>
        <line num="202" type="stmt" count="9"/>
        <line num="204" type="stmt" count="9"/>
        <line num="208" type="stmt" count="0"/>
        <line num="209" type="stmt" count="0"/>
        <line num="213" type="stmt" count="0"/>
        <line num="215" type="stmt" count="0"/>
        <line num="219" type="stmt" count="0"/>
        <line num="220" type="stmt" count="0"/>
        <line num="231" type="method" name="trace" crap="5.50" count="9"/>
        <line num="234" type="stmt" count="9"/>
        <line num="236" type="stmt" count="9"/>
        <line num="238" type="stmt" count="0"/>
        <line num="240" type="stmt" count="0"/>
        <line num="241" type="stmt" count="0"/>
        <line num="243" type="stmt" count="0"/>
        <line num="244" type="stmt" count="0"/>
        <line num="246" type="stmt" count="9"/>
        <line num="250" type="stmt" count="9"/>
        <line num="252" type="stmt" count="9"/>
        <line num="254" type="stmt" count="9"/>
        <line num="266" type="method" name="is_loggable" crap="2.50" count="22"/>
        <line num="268" type="stmt" count="22"/>
        <line num="270" type="stmt" count="0"/>
        <line num="271" type="stmt" count="0"/>
        <line num="273" type="stmt" count="22"/>
        <line num="284" type="method" name="get_threshold" crap="4.94" count="22"/>
        <line num="286" type="stmt" count="22"/>
        <line num="288" type="stmt" count="22"/>
        <line num="289" type="stmt" count="0"/>
        <line num="292" type="stmt" count="0"/>
        <line num="296" type="stmt" count="0"/>
        <line num="308" type="method" name="date_console" crap="1" count="9"/>
        <line num="309" type="stmt" count="9"/>
        <line num="319" type="method" name="date_file" crap="2" count="0"/>
        <line num="320" type="stmt" count="0"/>
        <metrics loc="321" ncloc="81" classes="1" methods="13" coveredmethods="2" conditionals="0" coveredconditionals="0" statements="76" coveredstatements="21" elements="89" coveredelements="23"/>
      </file>
      <file name="/Users/Sven/Documents/Alfred2/alphred/classes/Notification.php">
        <class name="Notification" namespace="Alphred">
          <metrics methods="1" coveredmethods="0" conditionals="0" coveredconditionals="0" statements="25" coveredstatements="24" elements="26" coveredelements="24"/>
        </class>
        <line num="40" type="method" name="notify" crap="8" count="3"/>
        <line num="41" type="stmt" count="3"/>
        <line num="42" type="stmt" count="1"/>
        <line num="43" type="stmt" count="1"/>
        <line num="45" type="stmt" count="2"/>
        <line num="47" type="stmt" count="0"/>
        <line num="50" type="stmt" count="2"/>
        <line num="51" type="stmt" count="2"/>
        <line num="53" type="stmt" count="2"/>
        <line num="54" type="stmt" count="2"/>
        <line num="55" type="stmt" count="2"/>
        <line num="56" type="stmt" count="2"/>
        <line num="57" type="stmt" count="1"/>
        <line num="58" type="stmt" count="1"/>
        <line num="59" type="stmt" count="2"/>
        <line num="60" type="stmt" count="1"/>
        <line num="61" type="stmt" count="1"/>
        <line num="62" type="stmt" count="1"/>
        <line num="63" type="stmt" count="1"/>
        <line num="64" type="stmt" count="2"/>
        <line num="65" type="stmt" count="2"/>
        <line num="66" type="stmt" count="2"/>
        <line num="67" type="stmt" count="2"/>
        <line num="68" type="stmt" count="2"/>
        <line num="69" type="stmt" count="2"/>
        <line num="70" type="stmt" count="2"/>
        <metrics loc="70" ncloc="55" classes="1" methods="1" coveredmethods="0" conditionals="0" coveredconditionals="0" statements="25" coveredstatements="24" elements="26" coveredelements="24"/>
      </file>
      <file name="/Users/Sven/Documents/Alfred2/alphred/classes/Request.php">
        <class name="Request" namespace="Alphred">
          <metrics methods="25" coveredmethods="0" conditionals="0" coveredconditionals="0" statements="166" coveredstatements="0" elements="191" coveredelements="0"/>
        </class>
        <line num="83" type="method" name="__construct" crap="2" count="0"/>
        <line num="89" type="stmt" count="0"/>
        <line num="91" type="stmt" count="0"/>
        <line num="94" type="stmt" count="0"/>
        <line num="96" type="stmt" count="0"/>
        <line num="99" type="stmt" count="0"/>
        <line num="102" type="stmt" count="0"/>
        <line num="105" type="stmt" count="0"/>
        <line num="107" type="stmt" count="0"/>
        <line num="114" type="method" name="set_caches" crap="42" count="0"/>
        <line num="116" type="stmt" count="0"/>
        <line num="117" type="stmt" count="0"/>
        <line num="118" type="stmt" count="0"/>
        <line num="120" type="stmt" count="0"/>
        <line num="121" type="stmt" count="0"/>
        <line num="122" type="stmt" count="0"/>
        <line num="123" type="stmt" count="0"/>
        <line num="124" type="stmt" count="0"/>
        <line num="125" type="stmt" count="0"/>
        <line num="126" type="stmt" count="0"/>
        <line num="127" type="stmt" count="0"/>
        <line num="128" type="stmt" count="0"/>
        <line num="153" type="method" name="execute" crap="156" count="0"/>
        <line num="156" type="stmt" count="0"/>
        <line num="159" type="stmt" count="0"/>
        <line num="165" type="stmt" count="0"/>
        <line num="166" type="stmt" count="0"/>
        <line num="168" type="stmt" count="0"/>
        <line num="171" type="stmt" count="0"/>
        <line num="173" type="stmt" count="0"/>
        <line num="175" type="stmt" count="0"/>
        <line num="179" type="stmt" count="0"/>
        <line num="182" type="stmt" count="0"/>
        <line num="185" type="stmt" count="0"/>
        <line num="188" type="stmt" count="0"/>
        <line num="190" type="stmt" count="0"/>
        <line num="195" type="stmt" count="0"/>
        <line num="197" type="stmt" count="0"/>
        <line num="198" type="stmt" count="0"/>
        <line num="204" type="stmt" count="0"/>
        <line num="206" type="stmt" count="0"/>
        <line num="208" type="stmt" count="0"/>
        <line num="210" type="stmt" count="0"/>
        <line num="213" type="stmt" count="0"/>
        <line num="217" type="stmt" count="0"/>
        <line num="219" type="stmt" count="0"/>
        <line num="221" type="stmt" count="0"/>
        <line num="223" type="stmt" count="0"/>
        <line num="224" type="stmt" count="0"/>
        <line num="226" type="stmt" count="0"/>
        <line num="229" type="stmt" count="0"/>
        <line num="234" type="stmt" count="0"/>
        <line num="236" type="stmt" count="0"/>
        <line num="239" type="stmt" count="0"/>
        <line num="242" type="stmt" count="0"/>
        <line num="243" type="stmt" count="0"/>
        <line num="244" type="stmt" count="0"/>
        <line num="246" type="stmt" count="0"/>
        <line num="248" type="stmt" count="0"/>
        <line num="251" type="stmt" count="0"/>
        <line num="260" type="method" name="build_post_fields" crap="6" count="0"/>
        <line num="261" type="stmt" count="0"/>
        <line num="262" type="stmt" count="0"/>
        <line num="263" type="stmt" count="0"/>
        <line num="264" type="stmt" count="0"/>
        <line num="271" type="method" name="build_get_fields" crap="6" count="0"/>
        <line num="273" type="stmt" count="0"/>
        <line num="275" type="stmt" count="0"/>
        <line num="277" type="stmt" count="0"/>
        <line num="278" type="stmt" count="0"/>
        <line num="279" type="stmt" count="0"/>
        <line num="286" type="method" name="build_fields" crap="12" count="0"/>
        <line num="290" type="stmt" count="0"/>
        <line num="291" type="stmt" count="0"/>
        <line num="292" type="stmt" count="0"/>
        <line num="293" type="stmt" count="0"/>
        <line num="294" type="stmt" count="0"/>
        <line num="297" type="stmt" count="0"/>
        <line num="299" type="stmt" count="0"/>
        <line num="312" type="method" name="set_auth" crap="2" count="0"/>
        <line num="313" type="stmt" count="0"/>
        <line num="314" type="stmt" count="0"/>
        <line num="315" type="stmt" count="0"/>
        <line num="316" type="stmt" count="0"/>
        <line num="327" type="method" name="set_url" crap="6" count="0"/>
        <line num="329" type="stmt" count="0"/>
        <line num="330" type="stmt" count="0"/>
        <line num="332" type="stmt" count="0"/>
        <line num="333" type="stmt" count="0"/>
        <line num="334" type="stmt" count="0"/>
        <line num="343" type="method" name="set_user_agent" crap="2" count="0"/>
        <line num="344" type="stmt" count="0"/>
        <line num="345" type="stmt" count="0"/>
        <line num="346" type="stmt" count="0"/>
        <line num="355" type="method" name="set_headers" crap="6" count="0"/>
        <line num="356" type="stmt" count="0"/>
        <line num="358" type="stmt" count="0"/>
        <line num="359" type="stmt" count="0"/>
        <line num="360" type="stmt" count="0"/>
        <line num="361" type="stmt" count="0"/>
        <line num="363" type="stmt" count="0"/>
        <line num="375" type="method" name="add_header" crap="30" count="0"/>
        <line num="377" type="stmt" count="0"/>
        <line num="379" type="stmt" count="0"/>
        <line num="380" type="stmt" count="0"/>
        <line num="383" type="stmt" count="0"/>
        <line num="384" type="stmt" count="0"/>
        <line num="388" type="stmt" count="0"/>
        <line num="389" type="stmt" count="0"/>
        <line num="392" type="stmt" count="0"/>
        <line num="394" type="stmt" count="0"/>
        <line num="396" type="stmt" count="0"/>
        <line num="397" type="stmt" count="0"/>
        <line num="399" type="stmt" count="0"/>
        <line num="402" type="stmt" count="0"/>
        <line num="403" type="stmt" count="0"/>
        <line num="410" type="method" name="use_post" crap="2" count="0"/>
        <line num="412" type="stmt" count="0"/>
        <line num="414" type="stmt" count="0"/>
        <line num="415" type="stmt" count="0"/>
        <line num="425" type="method" name="add_parameter" crap="2" count="0"/>
        <line num="426" type="stmt" count="0"/>
        <line num="427" type="stmt" count="0"/>
        <line num="437" type="method" name="add_parameters" crap="12" count="0"/>
        <line num="438" type="stmt" count="0"/>
        <line num="439" type="stmt" count="0"/>
        <line num="441" type="stmt" count="0"/>
        <line num="442" type="stmt" count="0"/>
        <line num="443" type="stmt" count="0"/>
        <line num="444" type="stmt" count="0"/>
        <line num="459" type="method" name="get_cached_data" crap="30" count="0"/>
        <line num="462" type="stmt" count="0"/>
        <line num="463" type="stmt" count="0"/>
        <line num="469" type="stmt" count="0"/>
        <line num="470" type="stmt" count="0"/>
        <line num="474" type="stmt" count="0"/>
        <line num="475" type="stmt" count="0"/>
        <line num="479" type="stmt" count="0"/>
        <line num="481" type="stmt" count="0"/>
        <line num="485" type="stmt" count="0"/>
        <line num="495" type="method" name="get_cached_data_anyway" crap="2" count="0"/>
        <line num="496" type="stmt" count="0"/>
        <line num="507" type="method" name="expire_cache_data" crap="2" count="0"/>
        <line num="509" type="stmt" count="0"/>
        <line num="512" type="stmt" count="0"/>
        <line num="513" type="stmt" count="0"/>
        <line num="522" type="method" name="save_cache_data" crap="2" count="0"/>
        <line num="524" type="stmt" count="0"/>
        <line num="527" type="stmt" count="0"/>
        <line num="530" type="stmt" count="0"/>
        <line num="531" type="stmt" count="0"/>
        <line num="540" type="method" name="get_cache_key" crap="2" count="0"/>
        <line num="541" type="stmt" count="0"/>
        <line num="551" type="method" name="get_cache_file" crap="2" count="0"/>
        <line num="552" type="stmt" count="0"/>
        <line num="562" type="method" name="get_cache_dir" crap="12" count="0"/>
        <line num="563" type="stmt" count="0"/>
        <line num="564" type="stmt" count="0"/>
        <line num="565" type="stmt" count="0"/>
        <line num="566" type="stmt" count="0"/>
        <line num="567" type="stmt" count="0"/>
        <line num="578" type="method" name="create_cache_dir" crap="12" count="0"/>
        <line num="579" type="stmt" count="0"/>
        <line num="580" type="stmt" count="0"/>
        <line num="582" type="stmt" count="0"/>
        <line num="584" type="stmt" count="0"/>
        <line num="585" type="stmt" count="0"/>
        <line num="587" type="stmt" count="0"/>
        <line num="596" type="method" name="get_cache_age" crap="6" count="0"/>
        <line num="597" type="stmt" count="0"/>
        <line num="599" type="stmt" count="0"/>
        <line num="601" type="stmt" count="0"/>
        <line num="615" type="method" name="clear_cache" crap="12" count="0"/>
        <line num="617" type="stmt" count="0"/>
        <line num="618" type="stmt" count="0"/>
        <line num="619" type="stmt" count="0"/>
        <line num="621" type="stmt" count="0"/>
        <line num="622" type="stmt" count="0"/>
        <line num="623" type="stmt" count="0"/>
        <line num="624" type="stmt" count="0"/>
        <line num="627" type="stmt" count="0"/>
        <line num="638" type="method" name="clear_directory" crap="42" count="0"/>
        <line num="639" type="stmt" count="0"/>
        <line num="641" type="stmt" count="0"/>
        <line num="644" type="stmt" count="0"/>
        <line num="645" type="stmt" count="0"/>
        <line num="647" type="stmt" count="0"/>
        <line num="650" type="stmt" count="0"/>
        <line num="653" type="stmt" count="0"/>
        <line num="656" type="stmt" count="0"/>
        <line num="657" type="stmt" count="0"/>
        <metrics loc="699" ncloc="184" classes="1" methods="25" coveredmethods="0" conditionals="0" coveredconditionals="0" statements="166" coveredstatements="0" elements="191" coveredelements="0"/>
      </file>
      <file name="/Users/Sven/Documents/Alfred2/alphred/classes/ScriptFilter.php">
        <class name="ScriptFilter" namespace="Alphred">
          <metrics methods="8" coveredmethods="4" conditionals="0" coveredconditionals="0" statements="78" coveredstatements="68" elements="86" coveredelements="72"/>
        </class>
        <class name="Result" namespace="Alphred">
          <metrics methods="3" coveredmethods="0" conditionals="0" coveredconditionals="0" statements="33" coveredstatements="25" elements="36" coveredelements="25"/>
        </class>
        <line num="46" type="method" name="__construct" crap="4" count="7"/>
        <line num="48" type="stmt" count="7"/>
        <line num="49" type="stmt" count="7"/>
        <line num="50" type="stmt" count="7"/>
        <line num="51" type="stmt" count="1"/>
        <line num="52" type="stmt" count="1"/>
        <line num="54" type="stmt" count="7"/>
        <line num="57" type="stmt" count="7"/>
        <line num="60" type="stmt" count="7"/>
        <line num="63" type="stmt" count="7"/>
        <line num="65" type="stmt" count="7"/>
        <line num="74" type="method" name="initializei18n" crap="2.03" count="1"/>
        <line num="75" type="stmt" count="1"/>
        <line num="76" type="stmt" count="1"/>
        <line num="77" type="stmt" count="1"/>
        <line num="78" type="stmt" count="0"/>
        <line num="80" type="stmt" count="1"/>
        <line num="91" type="method" name="translate" crap="2.15" count="3"/>
        <line num="93" type="stmt" count="3"/>
        <line num="95" type="stmt" count="3"/>
        <line num="98" type="stmt" count="0"/>
        <line num="110" type="method" name="add_result" crap="3.14" count="3"/>
        <line num="111" type="stmt" count="3"/>
        <line num="114" type="stmt" count="0"/>
        <line num="116" type="stmt" count="3"/>
        <line num="117" type="stmt" count="3"/>
        <line num="127" type="method" name="get_results" crap="1" count="3"/>
        <line num="128" type="stmt" count="3"/>
        <line num="137" type="method" name="print_results" crap="1" count="1"/>
        <line num="138" type="stmt" count="1"/>
        <line num="139" type="stmt" count="1"/>
        <line num="147" type="method" name="to_xml" crap="4" count="3"/>
[...]
        <line num="173" type="stmt" count="3"/>
        <line num="174" type="stmt" count="3"/>
        <line num="176" type="stmt" count="3"/>
        <line num="178" type="stmt" count="3"/>
        <line num="179" type="stmt" count="3"/>
        <line num="189" type="method" name="write_item" crap="13.51" count="3"/>
        <line num="191" type="stmt" count="3"/>
        <line num="193" type="stmt" count="3"/>
        <line num="195" type="stmt" count="3"/>
        <line num="198" type="stmt" count="3"/>
        <line num="201" type="stmt" count="3"/>
        <line num="202" type="stmt" count="3"/>
        <line num="203" type="stmt" count="1"/>
        <line num="204" type="stmt" count="1"/>
        <line num="205" type="stmt" count="3"/>
        <line num="208" type="stmt" count="3"/>
        <line num="209" type="stmt" count="2"/>
        <line num="210" type="stmt" count="0"/>
        <line num="211" type="stmt" count="0"/>
        <line num="212" type="stmt" count="2"/>
        <line num="213" type="stmt" count="2"/>
        <line num="214" type="stmt" count="2"/>
        <line num="218" type="stmt" count="3"/>
        <line num="220" type="stmt" count="3"/>
        <line num="222" type="stmt" count="3"/>
        <line num="223" type="stmt" count="0"/>
        <line num="224" type="stmt" count="0"/>
        <line num="225" type="stmt" count="3"/>
        <line num="228" type="stmt" count="0"/>
        <line num="229" type="stmt" count="0"/>
        <line num="230" type="stmt" count="0"/>
        <line num="232" type="stmt" count="3"/>
        <line num="235" type="stmt" count="3"/>
        <line num="237" type="stmt" count="3"/>
        <line num="238" type="stmt" count="3"/>
        <line num="239" type="stmt" count="3"/>
        <line num="241" type="stmt" count="3"/>
        <line num="242" type="stmt" count="3"/>
        <line num="308" type="method" name="__construct" crap="4.02" count="3"/>
        <line num="311" type="stmt" count="3"/>
        <line num="314" type="stmt" count="3"/>
        <line num="316" type="stmt" count="0"/>
        <line num="317" type="stmt" count="3"/>
        <line num="319" type="stmt" count="3"/>
        <line num="320" type="stmt" count="3"/>
        <line num="321" type="stmt" count="3"/>
        <line num="322" type="stmt" count="3"/>
        <line num="324" type="stmt" count="3"/>
        <line num="333" type="method" name="set" crap="5.20" count="3"/>
        <line num="335" type="stmt" count="3"/>
        <line num="336" type="stmt" count="0"/>
        <line num="340" type="stmt" count="3"/>
        <line num="341" type="stmt" count="3"/>
        <line num="342" type="stmt" count="3"/>
        <line num="343" type="stmt" count="3"/>
        <line num="344" type="stmt" count="3"/>
        <line num="346" type="stmt" count="0"/>
        <line num="348" type="stmt" count="3"/>
        <line num="349" type="stmt" count="3"/>
        <line num="362" type="method" name="__call" crap="9.23" count="3"/>
        <line num="364" type="stmt" count="3"/>
        <line num="366" type="stmt" count="0"/>
        <line num="369" type="stmt" count="3"/>
        <line num="371" type="stmt" count="3"/>
        <line num="373" type="stmt" count="3"/>
        <line num="375" type="stmt" count="2"/>
        <line num="376" type="stmt" count="2"/>
        <line num="377" type="stmt" count="3"/>
        <line num="379" type="stmt" count="3"/>
        <line num="380" type="stmt" count="3"/>
        <line num="382" type="stmt" count="0"/>
        <line num="383" type="stmt" count="0"/>
        <line num="385" type="stmt" count="0"/>
        <line num="389" type="stmt" count="0"/>
        <metrics loc="391" ncloc="151" classes="2" methods="11" coveredmethods="4" conditionals="0" coveredconditionals="0" statements="111" coveredstatements="93" elements="122" coveredelements="97"/>
      </file>
      <file name="/Users/Sven/Documents/Alfred2/alphred/classes/Text.php">
        <class name="Text" namespace="Alphred">
          <metrics methods="5" coveredmethods="4" conditionals="0" coveredconditionals="0" statements="46" coveredstatements="45" elements="51" coveredelements="49"/>
        </class>
        <line num="39" type="method" name="title_case" crap="6" count="1"/>
        <line num="43" type="stmt" count="1"/>
        <line num="44" type="stmt" count="1"/>
        <line num="45" type="stmt" count="1"/>
        <line num="46" type="stmt" count="1"/>
        <line num="47" type="stmt" count="1"/>
        <line num="48" type="stmt" count="1"/>
        <line num="49" type="stmt" count="1"/>
        <line num="51" type="stmt" count="1"/>
        <line num="52" type="stmt" count="1"/>
        <line num="53" type="stmt" count="1"/>
        <line num="54" type="stmt" count="1"/>
        <line num="57" type="stmt" count="1"/>
        <line num="58" type="stmt" count="1"/>
        <line num="61" type="stmt" count="1"/>
        <line num="62" type="stmt" count="1"/>
        <line num="63" type="stmt" count="1"/>
        <line num="64" type="stmt" count="1"/>
        <line num="65" type="stmt" count="1"/>
        <line num="69" type="stmt" count="1"/>
        <line num="70" type="stmt" count="1"/>
        <line num="72" type="stmt" count="1"/>
        <line num="73" type="stmt" count="1"/>
        <line num="74" type="stmt" count="1"/>
        <line num="83" type="method" name="camel_case" crap="2" count="1"/>
        <line num="85" type="stmt" count="1"/>
        <line num="86" type="stmt" count="1"/>
        <line num="87" type="stmt" count="1"/>
        <line num="88" type="stmt" count="1"/>
        <line num="89" type="stmt" count="1"/>
        <line num="91" type="stmt" count="1"/>
        <line num="102" type="method" name="underscore" crap="1" count="1"/>
        <line num="104" type="stmt" count="1"/>
        <line num="115" type="method" name="hyphenate" crap="1" count="1"/>
        <line num="117" type="stmt" count="1"/>
        <line num="129" type="method" name="add_commas_to_list" crap="7.01" count="6"/>
        <line num="131" type="stmt" count="6"/>
        <line num="132" type="stmt" count="6"/>
        <line num="133" type="stmt" count="6"/>
        <line num="135" type="stmt" count="6"/>
        <line num="136" type="stmt" count="6"/>
        <line num="138" type="stmt" count="6"/>
        <line num="139" type="stmt" count="5"/>
        <line num="141" type="stmt" count="2"/>
        <line num="142" type="stmt" count="5"/>
        <line num="144" type="stmt" count="3"/>
        <line num="145" type="stmt" count="3"/>
        <line num="147" type="stmt" count="3"/>
        <line num="149" type="stmt" count="5"/>
        <line num="150" type="stmt" count="5"/>
        <line num="154" type="stmt" count="0"/>
        <metrics loc="155" ncloc="61" classes="1" methods="5" coveredmethods="4" conditionals="0" coveredconditionals="0" statements="46" coveredstatements="45" elements="51" coveredelements="49"/>
      </file>
      <file name="/Users/Sven/Documents/Alfred2/alphred/classes/i18n.php">
        <class name="i18n" namespace="Alphred">
          <metrics methods="2" coveredmethods="0" conditionals="0" coveredconditionals="0" statements="18" coveredstatements="1" elements="20" coveredelements="1"/>
        </class>
        <line num="57" type="method" name="__construct" crap="46.23" count="1"/>
        <line num="58" type="stmt" count="1"/>
        <line num="62" type="stmt" count="0"/>
        <line num="63" type="stmt" count="0"/>
        <line num="64" type="stmt" count="0"/>
        <line num="65" type="stmt" count="0"/>
        <line num="67" type="stmt" count="0"/>
        <line num="68" type="stmt" count="0"/>
        <line num="69" type="stmt" count="0"/>
        <line num="70" type="stmt" count="0"/>
        <line num="75" type="stmt" count="0"/>
        <line num="76" type="stmt" count="0"/>
        <line num="79" type="stmt" count="0"/>
        <line num="80" type="stmt" count="0"/>
        <line num="83" type="stmt" count="0"/>
        <line num="92" type="method" name="translate" crap="12" count="0"/>
        <line num="93" type="stmt" count="0"/>
        <line num="94" type="stmt" count="0"/>
        <line num="95" type="stmt" count="0"/>
        <line num="97" type="stmt" count="0"/>
        <metrics loc="101" ncloc="30" classes="1" methods="2" coveredmethods="0" conditionals="0" coveredconditionals="0" statements="18" coveredstatements="1" elements="20" coveredelements="1"/>
      </file>
    </package>
    <file name="/Users/Sven/Documents/Alfred2/alphred/classes/Alphred.php">
      <class name="Alphred" namespace="global">
        <metrics methods="34" coveredmethods="1" conditionals="0" coveredconditionals="0" statements="175" coveredstatements="41" elements="209" coveredelements="42"/>
      </class>
      <line num="56" type="method" name="__construct" crap="4.25" count="6"/>
      <line num="61" type="stmt" count="6"/>
      <line num="65" type="stmt" count="6"/>
      <line num="66" type="stmt" count="0"/>
      <line num="67" type="stmt" count="0"/>
      <line num="70" type="stmt" count="6"/>
      <line num="71" type="stmt" count="6"/>
      <line num="72" type="stmt" count="6"/>
      <line num="75" type="stmt" count="6"/>
      <line num="88" type="method" name="trigger" crap="2" count="0"/>
      <line num="89" type="stmt" count="0"/>
      <line num="101" type="method" name="call_external_trigger" crap="4.31" count="1"/>
      <line num="102" type="stmt" count="0"/>
      <line num="103" type="stmt" count="0"/>
      <line num="104" type="stmt" count="0"/>
      <line num="105" type="stmt" count="0"/>
      <line num="107" type="stmt" count="0"/>
      <line num="108" type="stmt" count="1"/>
      <line num="120" type="method" name="background" crap="20" count="0"/>
      <line num="122" type="stmt" count="0"/>
      <line num="124" type="stmt" count="0"/>
      <line num="126" type="stmt" count="0"/>
      <line num="127" type="stmt" count="0"/>
      <line num="129" type="stmt" count="0"/>
      <line num="131" type="stmt" count="0"/>
      <line num="132" type="stmt" count="0"/>
      <line num="134" type="stmt" count="0"/>
      <line num="137" type="stmt" count="0"/>
      <line num="138" type="stmt" count="0"/>
      <line num="140" type="stmt" count="0"/>
      <line num="141" type="stmt" count="0"/>
      <line num="150" type="method" name="is_background" crap="2" count="0"/>
      <line num="151" type="stmt" count="0"/>
      <line num="154" type="method" name="filter" crap="2" count="0"/>
      <line num="156" type="stmt" count="0"/>
      <line num="167" type="method" name="parse_ini_file" crap="4.54" count="5"/>
      <line num="169" type="stmt" count="5"/>
      <line num="170" type="stmt" count="5"/>
      <line num="173" type="stmt" count="5"/>
      <line num="175" type="stmt" count="5"/>
      <line num="178" type="stmt" count="0"/>
      <line num="181" type="stmt" count="0"/>
      <line num="182" type="stmt" count="0"/>
      <line num="183" type="stmt" count="0"/>
      <line num="185" type="stmt" count="0"/>
      <line num="197" type="method" name="lc_keys" crap="6" count="0"/>
      <line num="200" type="stmt" count="0"/>
      <line num="201" type="stmt" count="0"/>
      <line num="202" type="stmt" count="0"/>
      <line num="204" type="stmt" count="0"/>
      <line num="221" type="method" name="add_result" crap="2.15" count="1"/>
      <line num="222" type="stmt" count="1"/>
      <line num="223" type="stmt" count="0"/>
      <line num="226" type="stmt" count="1"/>
      <line num="237" type="method" name="to_xml" crap="2.06" count="1"/>
      <line num="238" type="stmt" count="1"/>
      <line num="239" type="stmt" count="0"/>
      <line num="242" type="stmt" count="1"/>
      <line num="243" type="stmt" count="1"/>
      <line num="253" type="method" name="print_results" crap="2.06" count="1"/>
      <line num="254" type="stmt" count="1"/>
      <line num="255" type="stmt" count="0"/>
      <line num="258" type="stmt" count="1"/>
      <line num="259" type="stmt" count="1"/>
      <line num="295" type="method" name="get" crap="2" count="0"/>
      <line num="296" type="stmt" count="0"/>
      <line num="297" type="stmt" count="0"/>
      <line num="313" type="method" name="post" crap="2" count="0"/>
      <line num="314" type="stmt" count="0"/>
      <line num="315" type="stmt" count="0"/>
      <line num="328" type="method" name="create_request" crap="182" count="0"/>
      <line num="330" type="stmt" count="0"/>
      <line num="332" type="stmt" count="0"/>
      <line num="333" type="stmt" count="0"/>
      <line num="334" type="stmt" count="0"/>
      <line num="335" type="stmt" count="0"/>
      <line num="337" type="stmt" count="0"/>
      <line num="340" type="stmt" count="0"/>
      <line num="341" type="stmt" count="0"/>
      <line num="342" type="stmt" count="0"/>
      <line num="344" type="stmt" count="0"/>
      <line num="345" type="stmt" count="0"/>
      <line num="346" type="stmt" count="0"/>
      <line num="347" type="stmt" count="0"/>
      <line num="350" type="stmt" count="0"/>
      <line num="351" type="stmt" count="0"/>
      <line num="353" type="stmt" count="0"/>
      <line num="355" type="stmt" count="0"/>
      <line num="356" type="stmt" count="0"/>
      <line num="359" type="stmt" count="0"/>
      <line num="360" type="stmt" count="0"/>
      <line num="362" type="stmt" count="0"/>
      <line num="364" type="stmt" count="0"/>
      <line num="366" type="stmt" count="0"/>
      <line num="369" type="stmt" count="0"/>
      <line num="370" type="stmt" count="0"/>
      <line num="372" type="stmt" count="0"/>
      <line num="373" type="stmt" count="0"/>
      <line num="374" type="stmt" count="0"/>
      <line num="376" type="stmt" count="0"/>
      <line num="378" type="stmt" count="0"/>
      <line num="379" type="stmt" count="0"/>
      <line num="380" type="stmt" count="0"/>
      <line num="399" type="method" name="clear_cache" crap="2" count="0"/>
      <line num="400" type="stmt" count="0"/>
      <line num="415" type="method" name="config_read" crap="3.04" count="1"/>
      <line num="417" type="stmt" count="1"/>
      <line num="418" type="stmt" count="0"/>
      <line num="422" type="stmt" count="1"/>
      <line num="425" type="stmt" count="1"/>
      <line num="426" type="stmt" count="1"/>
      <line num="428" type="stmt" count="1"/>
      <line num="441" type="method" name="config_set" crap="2.03" count="1"/>
      <line num="443" type="stmt" count="1"/>
      <line num="444" type="stmt" count="0"/>
      <line num="447" type="stmt" count="1"/>
      <line num="448" type="stmt" count="1"/>
      <line num="449" type="stmt" count="1"/>
      <line num="459" type="method" name="config_delete" crap="2.03" count="1"/>
      <line num="461" type="stmt" count="1"/>
      <line num="462" type="stmt" count="0"/>
      <line num="465" type="stmt" count="1"/>
      <line num="466" type="stmt" count="1"/>
      <line num="467" type="stmt" count="1"/>
      <line num="492" type="method" name="send_notification" crap="2.15" count="1"/>
      <line num="493" type="stmt" count="1"/>
      <line num="494" type="stmt" count="0"/>
      <line num="497" type="stmt" count="1"/>
      <line num="514" type="method" name="get_password" crap="12" count="0"/>
      <line num="516" type="stmt" count="0"/>
      <line num="517" type="stmt" count="0"/>
      <line num="524" type="stmt" count="0"/>
      <line num="525" type="stmt" count="0"/>
      <line num="526" type="stmt" count="0"/>
      <line num="527" type="stmt" count="0"/>
      <line num="539" type="method" name="delete_password" crap="2.15" count="1"/>
      <line num="540" type="stmt" count="1"/>
      <line num="541" type="stmt" count="0"/>
      <line num="544" type="stmt" count="1"/>
      <line num="556" type="method" name="save_password" crap="6" count="0"/>
      <line num="557" type="stmt" count="0"/>
      <line num="558" type="stmt" count="0"/>
      <line num="561" type="stmt" count="0"/>
      <line num="577" type="method" name="get_password_dialog" crap="30" count="0"/>
      <line num="579" type="stmt" count="0"/>
      <line num="580" type="stmt" count="0"/>
      <line num="584" type="stmt" count="0"/>
      <line num="585" type="stmt" count="0"/>
      <line num="586" type="stmt" count="0"/>
      <line num="588" type="stmt" count="0"/>
      <line num="589" type="stmt" count="0"/>
      <line num="590" type="stmt" count="0"/>
      <line num="592" type="stmt" count="0"/>
      <line num="593" type="stmt" count="0"/>
      <line num="594" type="stmt" count="0"/>
      <line num="595" type="stmt" count="0"/>
      <line num="597" type="stmt" count="0"/>
      <line num="599" type="stmt" count="0"/>
      <line num="600" type="stmt" count="0"/>
      <line num="601" type="stmt" count="0"/>
      <line num="603" type="stmt" count="0"/>
      <line num="624" type="method" name="console" crap="6" count="0"/>
      <line num="625" type="stmt" count="0"/>
      <line num="626" type="stmt" count="0"/>
      <line num="629" type="stmt" count="0"/>
      <line num="630" type="stmt" count="0"/>
      <line num="645" type="method" name="log" crap="6" count="0"/>
      <line num="646" type="stmt" count="0"/>
      <line num="647" type="stmt" count="0"/>
      <line num="650" type="stmt" count="0"/>
      <line num="651" type="stmt" count="0"/>
      <line num="661" type="method" name="time_ago" crap="6" count="0"/>
      <line num="662" type="stmt" count="0"/>
      <line num="663" type="stmt" count="0"/>
      <line num="666" type="stmt" count="0"/>
      <line num="676" type="method" name="fuzzy_time_diff" crap="2.15" count="1"/>
      <line num="677" type="stmt" count="1"/>
      <line num="678" type="stmt" count="0"/>
      <line num="681" type="stmt" count="1"/>
      <line num="684" type="method" name="add_commas" crap="1" count="1"/>
      <line num="685" type="stmt" count="1"/>
      <line num="692" type="method" name="activate" crap="2" count="0"/>
      <line num="694" type="stmt" count="0"/>
      <line num="696" type="method" name="get_active_window" crap="2" count="0"/>
      <line num="698" type="stmt" count="0"/>
      <line num="711" type="method" name="get_plugin_function" crap="2.15" count="4"/>
      <line num="712" type="stmt" count="4"/>
      <line num="713" type="stmt" count="0"/>
      <line num="715" type="stmt" count="4"/>
      <line num="728" type="method" name="load_plugin_function" crap="6" count="0"/>
      <line num="731" type="stmt" count="0"/>
      <line num="732" type="stmt" count="0"/>
      <line num="733" type="stmt" count="0"/>
      <line num="734" type="stmt" count="0"/>
      <line num="736" type="stmt" count="0"/>
      <line num="743" type="method" name="load_plugins" crap="6" count="0"/>
      <line num="744" type="stmt" count="0"/>
      <line num="745" type="stmt" count="0"/>
      <line num="746" type="stmt" count="0"/>
      <line num="748" type="stmt" count="0"/>
      <line num="758" type="method" name="run_on_load_plugins" crap="20" count="0"/>
      <line num="759" type="stmt" count="0"/>
      <line num="760" type="stmt" count="0"/>
      <line num="763" type="stmt" count="0"/>
      <line num="764" type="stmt" count="0"/>
      <line num="765" type="stmt" count="0"/>
      <line num="767" type="stmt" count="0"/>
      <line num="768" type="stmt" count="0"/>
      <line num="769" type="stmt" count="0"/>
      <metrics loc="770" ncloc="264" classes="1" methods="34" coveredmethods="1" conditionals="0" coveredconditionals="0" statements="175" coveredstatements="41" elements="209" coveredelements="42"/>
    </file>
    <metrics files="22" loc="5575" ncloc="2212" classes="34" methods="196" coveredmethods="46" conditionals="0" coveredconditionals="0" statements="1482" coveredstatements="582" elements="1678" coveredelements="628"/>
  </project>
</coverage>
